<?xml version="1.0" encoding="UTF-8" standalone="yes"?>
<!--
Copyright [2013-2014] eBay Software Foundation

Licensed under the Apache License, Version 2.0 (the "License");
you may not use this file except in compliance with the License.
You may obtain a copy of the License at

    http://www.apache.org/licenses/LICENSE-2.0

Unless required by applicable law or agreed to in writing, software
distributed under the License is distributed on an "AS IS" BASIS,
WITHOUT WARRANTIES OR CONDITIONS OF ANY KIND, either express or implied.
See the License for the specific language governing permissions and
limitations under the License.

-->

<filters>
	<category name="user">
		<filter name="DependencyResolveFailure">
			<cause
				keyword="Could not resolve dependencies for project" />
		</filter>
		<filter name="PluginDependencyResolveFailure">
			<cause
				keyword="org.apache.maven.plugin.PluginResolutionException" />
			<cause
				keyword="one of its dependencies could not be resolved" />
		</filter>
		<filter name="CompilationFailure">
			<cause
				keyword="Failed to execute goal org.apache.maven.plugins:maven-compiler-plugin" />
		</filter>

		<filter name="AntRunFailure">
			<cause
				keyword="Failed to execute goal org.apache.maven.plugins:maven-antrun-plugin" />			
		</filter>
		<filter name="AssemblerResolveWebBundleFail">
			<cause
				keyword="Failed to execute goal com.ccoe.devex.assembler:assembler-maven-plugin" />
			<cause
				keyword="http://wiki2.arch.ccoe.com/display/DevExTech/Assembler+Errors#AssemblerErrors-E57" />
		</filter>
		
		<filter name="AssemblerErrMkFileFail">
			<cause
				keyword="Failed to execute goal com.ccoe.devex.assembler:assembler-maven-plugin" />
			<cause
				keyword="http://wiki2.arch.ccoe.com/display/DevExTech/Assembler+Errors#AssemblerErrors-E10" />
		</filter>
		
		
		<filter name="DeployExecutionFailure">
			<cause
				keyword="Failed to execute goal org.apache.maven.plugins:maven-deploy-plugin" />			
		</filter>

		<filter name="SiteExecutionFailure">
			<cause
				keyword="Failed to execute goal org.apache.maven.plugins:maven-site-plugin" />
		</filter>

		<filter name="SonaRunFailure">
			<cause keyword="Failed to execute goal org.codehaus.mojo:sonar-maven-plugin" />

		</filter>
		<filter name="TestRunFailure">
			<cause
				keyword="Failed to execute goal org.apache.maven.plugins:maven-surefire-plugin" />
			<cause keyword="There are test failures" />
		</filter>
		
		<filter name="NoTestRunFailure">
			<cause
				keyword="Failed to execute goal org.apache.maven.plugins:maven-surefire-plugin" />
			<cause keyword="No tests were executed" />
		</filter>
		<filter name="SurefireForkFail">
			<cause
				keyword="Failed to execute goal org.apache.maven.plugins:maven-surefire-plugin" />
			<cause keyword="Error occurred in starting fork" />
		</filter>
		<filter name="ResourceNotFound">
			<cause keyword="org.codehaus.plexus.resource.loader.ResourceNotFoundException: Could not find resource"/>
		</filter>
		
		<filter name="DependencyValidationFail">
			<cause keyword="Dependency Validation Failed"/>
		</filter>
		
		<filter name="SoapUITestFailure">
			<cause keyword="Failed to execute goal eviware:maven-soapui-plugin"/>
			<cause keyword="SoapUI Test(s) failed"/>
		</filter>
		
		<filter name="SoapUIConnectionFailure">
			<cause keyword="Failed to execute goal eviware:maven-soapui-plugin"/>
			<cause keyword="Connection to http://www.soapui.org refused"/>
		</filter>
		
		
		<filter name="MojoNotFoundFailure">
			<cause keyword="org.apache.maven.plugin.MojoNotFoundException: Could not find goal"/>
		</filter>
		
		<filter name="UnknownLifecycle">
			<cause keyword="org.apache.maven.lifecycle.LifecyclePhaseNotFoundException: Unknown lifecycle phase"/>
		</filter>
		
		<filter name="ReleaseNonDependencyFailure">
			<cause keyword="Failed to execute goal org.apache.maven.plugins:maven-release-plugin"/>
			<cause keyword="Can't release project due to non released dependencies"/>
		</filter>
		
		<filter name="ContentValidationFail">
			<cause keyword="Failed to execute goal com.ccoe.content:maven-content-plugin"/>
			<cause keyword="content-validation (process-content-resources) on project"/>
		</filter>
		
		<filter name="ReleaseFail-GIT-NoJiraID">
			<cause keyword="Failed to execute goal org.apache.maven.plugins:maven-release-plugin"/>
			<cause keyword="The git-commit command failed"/>
			<cause keyword="A JIRA issue must be provided in the commit message"/>
		</filter>
		
		<filter name="ReleaseFail-NonDependency">
			<cause keyword="Failed to execute goal org.apache.maven.plugins:maven-release-plugin"/>
			<cause keyword="Can't release project due to non released dependencies"/>			
		</filter>
		
		<filter name="MojoConfigError">
			<cause keyword="org.apache.maven.plugin.PluginConfigurationException: Unable to parse configuration of mojo"/>
		</filter>
		
		<filter name="MavenProcessorCompileFailure">
			<cause keyword="Failed to execute goal org.bsc.maven:maven-processor-plugin"/>
			<cause keyword="error during compilation"/>
		</filter>
		<filter name="VersionInheriteParentFailure">
			<cause keyword="Failed to execute goal org.codehaus.mojo:versions-maven-plugin:"/>
			<cause keyword="Project version is inherited from parent"/>
		</filter>
		
		<filter name="WarPluginFail-nobasedir">
			<cause keyword="Failed to execute goal org.apache.maven.plugins:maven-war-plugin"/>
			<cause keyword="java.lang.IllegalStateException: basedir"/>
		</filter>
		
		<filter name="CoberturaFail">
			<cause keyword="Failed to execute goal org.codehaus.mojo:cobertura-maven-plugin"/>
			<!--<cause keyword="Unable to instrument project."/>-->
		</filter>	
		
		<filter name="OBRGenConflictKernelBundle">
			<cause keyword="Failed to execute goal com.ccoe.osgi.build:obrgen-maven-plugin"/>
			<cause keyword="Conflicting with Kernel bundles:"/>
		</filter>	
		
		<filter name="SOAPluginErrServiceVersion">
			<cause keyword="Failed to execute goal com.ccoe.ebox.plugins:maven-soa-plugin"/>
			<cause keyword="Invalid Service current version"/>
		</filter>
		
		<filter name="SOAPluginErrServiceGeneration">
			<cause keyword="Failed to execute goal com.ccoe.ebox.plugins:maven-soa-plugin"/>
			<cause keyword="Exception executing service generator facade, please make sure SOATools has been added to the project dependency list"/>
		</filter>
		
		<filter name="ShadeFail">
			<cause keyword="Failed to execute goal org.apache.maven.plugins:maven-shade-plugin"/>
		</filter>	
		
		<filter name="XtendFail">
			<cause keyword="Failed to execute goal org.eclipse.xtend:xtend-maven-plugin"/>
		</filter>	
		
		<filter name="APTFail">
			<cause keyword="Failed to execute goal org.codehaus.mojo:apt-maven-plugin"/>
		</filter>
		
		<filter name="EnforcerValidationFail">
			<cause keyword="Failed to execute goal org.apache.maven.plugins:maven-enforcer-plugin"/>
		</filter>
		
		<filter name="InvalidArtifactError">
			<cause keyword="org.apache.maven.artifact.InvalidArtifactRTException"/>
		</filter>
		<filter name="BuildHelperFail">
			<cause keyword="Failed to execute goal org.codehaus.mojo:build-helper-maven-plugin"/>
		</filter>
		<filter name="BundlePluginFail">
			<cause keyword="Failed to execute goal org.apache.felix:maven-bundle-plugin"/>
		</filter>
		<filter name="FindbugsPluginFail">
			<cause keyword="Failed to execute goal org.codehaus.mojo:findbugs-maven-plugin"/>
		</filter>
		
	</category>
	
	<category name="system">
	    <filter name="AssemblerUploadCronusPackageFail">
			<cause
				keyword="Failed to execute goal com.ccoe.devex.assembler:assembler-maven-plugin" />
			<cause
				keyword="http://wiki2.arch.ccoe.com/display/DevExTech/Assembler+Errors#AssemblerErrors-E102" />
		</filter>
		
	    <filter name="AssemblerRetrieveClassFail">
			<cause
				keyword="Failed to execute goal com.ccoe.devex.assembler:assembler-maven-plugin" />
			<cause
				keyword="http://wiki2.arch.ccoe.com/display/DevExTech/Assembler+Errors#AssemblerErrors-E103" />
		</filter>
		
	    <filter name="AssemblerRegisterManifestFail">
			<cause
				keyword="Failed to execute goal com.ccoe.devex.assembler:assembler-maven-plugin" />
			<cause
				keyword="http://wiki2.arch.ccoe.com/display/DevExTech/Assembler+Errors#AssemblerErrors-E104" />
		</filter>
		
		<filter name="Assembler">
			<cause
				keyword="Failed to execute goal com.ccoe.devex.assembler:assembler-maven-plugin" />
			<cause
				keyword="http://wiki2.arch.ccoe.com/display/DevExTech/Assembler+Errors#AssemblerErrors-E255" />
		</filter>
		
		<filter name="OBRGen-MissingClassFail">
			<cause
				keyword="org.apache.maven.lifecycle.LifecycleExecutionException: Failed to execute goal com.ccoe.osgi.build:obrgen-maven-plugin" />
			<cause
				keyword="A required class was missing" />
		</filter>
		
		<filter name="JarFail-Mkdir">
			<cause
				keyword="Failed to execute goal org.apache.maven.plugins:maven-jar-plugin" />
			<cause
				keyword="java.io.IOException: Failed to create directory" />
		</filter>
		
		<filter name="JarFail-Manifest">
			<cause
				keyword="Failed to execute goal org.apache.maven.plugins:maven-jar-plugin" />
			<cause
				keyword="MANIFEST.MF does not exist" />
		</filter>

		
		<filter name="NoDiskSpace">
			<cause
				keyword="java.io.IOException: No space left on device" />
		</filter>
		
		<filter name="CleanFailure">
			<cause
				keyword="Failed to execute goal org.apache.maven.plugins:maven-clean-plugin" />
			<cause
				keyword="java.io.IOException: Failed to delete" />				
		</filter>
		
		<filter name="OBRGenIOFailure">
			<cause
				keyword="Failed to execute goal com.ccoe.osgi.build:obrgen-maven-plugin" />
			<cause
				keyword="java.io.IOException: Destination" />				
		</filter>
		
		<filter name="ResourceFail-Mkdir">
			<cause
				keyword="Failed to execute goal org.apache.maven.plugins:maven-resources-plugin" />
			<cause
				keyword="Cannot create resource output directory" />	
		</filter>
			
	</category>
</filters>
